Using pre-set license
Built from '2020.3/staging' branch; Version is '2020.3.16f1 (049d6eca3c44) revision 302446'; Using compiler version '192528614'; Build Type 'Release'
OS: 'Windows 10 Home; OS build 19042.1165; Version 2009; 64bit' Language: 'en' Physical Memory: 40742 MB
BatchMode: 1, IsHumanControllingUs: 0, StartBugReporterOnCrash: 0, Is64bit: 1, IsPro: 0

 COMMAND LINE ARGUMENTS:
C:\Program Files\Unity\Hub\Editor\2020.3.16f1\Editor\Unity.exe
-adb2
-batchMode
-noUpm
-name
AssetImportWorker0
-projectPath
E:/Unity Files/Dodge!/brackeys-2021/Brackeys2021
-logFile
Logs/AssetImportWorker0.log
-srvPort
64679
Successfully changed project path to: E:/Unity Files/Dodge!/brackeys-2021/Brackeys2021
E:/Unity Files/Dodge!/brackeys-2021/Brackeys2021
Using Asset Import Pipeline V2.
Refreshing native plugins compatible for Editor in 27.86 ms, found 2 plugins.
Preloading 0 native plugins for Editor in 0.00 ms.
Initialize engine version: 2020.3.16f1 (049d6eca3c44)
[Subsystems] Discovering subsystems at path C:/Program Files/Unity/Hub/Editor/2020.3.16f1/Editor/Data/Resources/UnitySubsystems
[Subsystems] Discovering subsystems at path E:/Unity Files/Dodge!/brackeys-2021/Brackeys2021/Assets
GfxDevice: creating device client; threaded=0
Direct3D:
    Version:  Direct3D 11.0 [level 11.1]
    Renderer: NVIDIA GeForce RTX 2060 (ID=0x1f15)
    Vendor:   
    VRAM:     5980 MB
    Driver:   27.21.14.6677
Initialize mono
Mono path[0] = 'C:/Program Files/Unity/Hub/Editor/2020.3.16f1/Editor/Data/Managed'
Mono path[1] = 'C:/Program Files/Unity/Hub/Editor/2020.3.16f1/Editor/Data/MonoBleedingEdge/lib/mono/unityjit'
Mono config path = 'C:/Program Files/Unity/Hub/Editor/2020.3.16f1/Editor/Data/MonoBleedingEdge/etc'
Using monoOptions --debugger-agent=transport=dt_socket,embedding=1,server=y,suspend=n,address=127.0.0.1:56408
Begin MonoManager ReloadAssembly
Registering precompiled unity dll's ...
Register platform support module: C:/Program Files/Unity/Hub/Editor/2020.3.16f1/Editor/Data/PlaybackEngines/WebGLSupport/UnityEditor.WebGL.Extensions.dll
Register platform support module: C:/Program Files/Unity/Hub/Editor/2020.3.16f1/Editor/Data/PlaybackEngines/WindowsStandaloneSupport/UnityEditor.WindowsStandalone.Extensions.dll
Registered in 0.002014 seconds.
Native extension for WindowsStandalone target not found
Native extension for WebGL target not found
Refreshing native plugins compatible for Editor in 27.75 ms, found 2 plugins.
Preloading 0 native plugins for Editor in 0.00 ms.
Mono: successfully reloaded assembly
- Completed reload, in  0.955 seconds
Domain Reload Profiling:
	ReloadAssembly (955ms)
		BeginReloadAssembly (46ms)
			ExecutionOrderSort (0ms)
			DisableScriptedObjects (0ms)
			BackupInstance (0ms)
			ReleaseScriptingObjects (0ms)
			CreateAndSetChildDomain (1ms)
		EndReloadAssembly (363ms)
			LoadAssemblies (45ms)
			RebuildTransferFunctionScriptingTraits (0ms)
			SetupTypeCache (131ms)
			ReleaseScriptCaches (0ms)
			RebuildScriptCaches (26ms)
			SetupLoadedEditorAssemblies (142ms)
				LogAssemblyErrors (0ms)
				InitializePlatformSupportModulesInManaged (4ms)
				SetLoadedEditorAssemblies (0ms)
				RefreshPlugins (28ms)
				BeforeProcessingInitializeOnLoad (13ms)
				ProcessInitializeOnLoadAttributes (69ms)
				ProcessInitializeOnLoadMethodAttributes (28ms)
				AfterProcessingInitializeOnLoad (0ms)
				EditorAssembliesLoaded (0ms)
			ExecutionOrderSort2 (0ms)
			AwakeInstancesAfterBackupRestoration (0ms)
Platform modules already initialized, skipping
Registering precompiled user dll's ...
Registered in 0.002562 seconds.
Begin MonoManager ReloadAssembly
Symbol file data-000002337593CC90 doesn't match image E:\Unity Files\Dodge!\brackeys-2021\Brackeys2021\Library\ScriptAssemblies\Unity.VSCode.Editor.dll
Symbol file LoadedFromMemory is not a mono symbol file
Symbol file data-000002337AF13030 doesn't match image E:\Unity Files\Dodge!\brackeys-2021\Brackeys2021\Library\ScriptAssemblies\Unity.TextMeshPro.Editor.dll
Symbol file LoadedFromMemory is not a mono symbol file
Symbol file data-00000233757BA030 doesn't match image E:\Unity Files\Dodge!\brackeys-2021\Brackeys2021\Library\ScriptAssemblies\Unity.VisualStudio.Editor.dll
Symbol file LoadedFromMemory is not a mono symbol file
Symbol file data-000002337AE0C3E0 doesn't match image E:\Unity Files\Dodge!\brackeys-2021\Brackeys2021\Library\ScriptAssemblies\UnityEngine.TestRunner.dll
Symbol file LoadedFromMemory is not a mono symbol file
Symbol file data-000002337A36B020 doesn't match image E:\Unity Files\Dodge!\brackeys-2021\Brackeys2021\Library\ScriptAssemblies\Unity.Timeline.Editor.dll
Symbol file LoadedFromMemory is not a mono symbol file
Symbol file data-000002337AE0C3E0 doesn't match image E:\Unity Files\Dodge!\brackeys-2021\Brackeys2021\Library\ScriptAssemblies\Unity.Timeline.dll
Symbol file LoadedFromMemory is not a mono symbol file
Symbol file data-0000023379CA7020 doesn't match image E:\Unity Files\Dodge!\brackeys-2021\Brackeys2021\Library\ScriptAssemblies\Unity.TextMeshPro.dll
Symbol file LoadedFromMemory is not a mono symbol file
Symbol file data-000002337AF28640 doesn't match image E:\Unity Files\Dodge!\brackeys-2021\Brackeys2021\Library\ScriptAssemblies\Unity.CollabProxy.Editor.dll
Symbol file LoadedFromMemory is not a mono symbol file
Symbol file data-000002337999F220 doesn't match image E:\Unity Files\Dodge!\brackeys-2021\Brackeys2021\Library\ScriptAssemblies\UnityEditor.TestRunner.dll
Symbol file LoadedFromMemory is not a mono symbol file
Symbol file data-000002337531CC40 doesn't match image E:\Unity Files\Dodge!\brackeys-2021\Brackeys2021\Library\ScriptAssemblies\UnityEditor.UI.dll
Symbol file LoadedFromMemory is not a mono symbol file
Symbol file data-0000023379AC1010 doesn't match image E:\Unity Files\Dodge!\brackeys-2021\Brackeys2021\Library\ScriptAssemblies\Unity.PlasticSCM.Editor.dll
Symbol file LoadedFromMemory is not a mono symbol file
Symbol file data-000002337519EED0 doesn't match image E:\Unity Files\Dodge!\brackeys-2021\Brackeys2021\Library\ScriptAssemblies\Unity.Rider.Editor.dll
Symbol file LoadedFromMemory is not a mono symbol file
Symbol file data-0000023375047220 doesn't match image E:\Unity Files\Dodge!\brackeys-2021\Brackeys2021\Library\ScriptAssemblies\UnityEngine.UI.dll
Symbol file LoadedFromMemory is not a mono symbol file
Native extension for WindowsStandalone target not found
Native extension for WebGL target not found
Refreshing native plugins compatible for Editor in 0.32 ms, found 2 plugins.
Preloading 0 native plugins for Editor in 0.00 ms.
Mono: successfully reloaded assembly
- Completed reload, in  0.885 seconds
Domain Reload Profiling:
	ReloadAssembly (885ms)
		BeginReloadAssembly (118ms)
			ExecutionOrderSort (0ms)
			DisableScriptedObjects (4ms)
			BackupInstance (0ms)
			ReleaseScriptingObjects (0ms)
			CreateAndSetChildDomain (15ms)
		EndReloadAssembly (717ms)
			LoadAssemblies (66ms)
			RebuildTransferFunctionScriptingTraits (0ms)
			SetupTypeCache (222ms)
			ReleaseScriptCaches (0ms)
			RebuildScriptCaches (33ms)
			SetupLoadedEditorAssemblies (318ms)
				LogAssemblyErrors (0ms)
				InitializePlatformSupportModulesInManaged (5ms)
				SetLoadedEditorAssemblies (0ms)
				RefreshPlugins (0ms)
				BeforeProcessingInitializeOnLoad (78ms)
				ProcessInitializeOnLoadAttributes (227ms)
				ProcessInitializeOnLoadMethodAttributes (3ms)
				AfterProcessingInitializeOnLoad (5ms)
				EditorAssembliesLoaded (0ms)
			ExecutionOrderSort2 (0ms)
			AwakeInstancesAfterBackupRestoration (5ms)
Platform modules already initialized, skipping
========================================================================
Worker process is ready to serve import requests
Launched and connected shader compiler UnityShaderCompiler.exe after 0.06 seconds
Refreshing native plugins compatible for Editor in 0.51 ms, found 2 plugins.
Preloading 0 native plugins for Editor in 0.00 ms.
Unloading 1398 Unused Serialized files (Serialized files now loaded: 0)
System memory in use before: 66.8 MB.
System memory in use after: 66.8 MB.

Unloading 18 unused Assets to reduce memory usage. Loaded Objects now: 1833.
Total: 2.915400 ms (FindLiveObjects: 0.175100 ms CreateObjectMapping: 0.065200 ms MarkObjects: 2.570000 ms  DeleteObjects: 0.104200 ms)

AssetImportParameters requested are different than current active one (requested -> active):
  requireTextureImportCompression: false -> true
  custom:framework-win-MediaFoundation: 216162199b28c13a410421893ffa2e32 -> 
  custom:video-decoder-ogg-theora: a1e56fd34408186e4bbccfd4996cb3dc -> 
  custom:container-muxer-webm: aa71ff27fc2769a1b78a27578f13a17b -> 
  custom:container-demuxer-webm: 4f35f7cbe854078d1ac9338744f61a02 -> 
  custom:container-demuxer-ogg: 62fdf1f143b41e24485cea50d1cbac27 -> 
  custom:video-encoder-webm-vp8: eb34c28f22e8b96e1ab97ce403110664 -> 
  custom:video-codec-MediaFoundation-h265: 746d11721c4dcdbdad8f713fa42b33f4 -> 
  custom:video-decoder-webm-vp8: 9c59270c3fd7afecdb556c50c9e8de78 -> 
  custom:audio-decoder-ogg-vorbis: bf7c407c2cedff20999df2af8eb42d56 -> 
  custom:audio-encoder-webm-vorbis: bf7c407c2cedff20999df2af8eb42d56 -> 
========================================================================
Received Import Request.
  path: Assets/Audience/Prefabs/Audience 2.prefab
  artifactKey: Guid(76a4ddcefddf783499cac977dc6638e6) Importer(815301076,1909f56bfc062723c751e8b465ee728b)
Start importing Assets/Audience/Prefabs/Audience 2.prefab using Guid(76a4ddcefddf783499cac977dc6638e6) Importer(815301076,1909f56bfc062723c751e8b465ee728b)  -> (artifact id: '7b5778f2b8b7f9db29b87288b1ce2688') in 0.101914 seconds 
  Import took 0.104106 seconds .

========================================================================
Received Import Request.
  Time since last request: 0.000207 seconds.
  path: Assets/Audience/Prefabs/Audience.prefab
  artifactKey: Guid(3880f8bfaacfb6843880b99fa38284f3) Importer(815301076,1909f56bfc062723c751e8b465ee728b)
Start importing Assets/Audience/Prefabs/Audience.prefab using Guid(3880f8bfaacfb6843880b99fa38284f3) Importer(815301076,1909f56bfc062723c751e8b465ee728b)  -> (artifact id: '653e407e0f3848eb182086007b8a1440') in 0.026036 seconds 
  Import took 0.028360 seconds .

========================================================================
Received Import Request.
  Time since last request: 0.000198 seconds.
  path: Assets/Audience/Prefabs/Audience 3.prefab
  artifactKey: Guid(028a5ff2441fd6e4da0e76c7cefc3e8a) Importer(815301076,1909f56bfc062723c751e8b465ee728b)
Start importing Assets/Audience/Prefabs/Audience 3.prefab using Guid(028a5ff2441fd6e4da0e76c7cefc3e8a) Importer(815301076,1909f56bfc062723c751e8b465ee728b)  -> (artifact id: '0c8fbe31b9277f2697f80825d266f8e6') in 0.016910 seconds 
  Import took 0.019283 seconds .

========================================================================
Received Import Request.
  Time since last request: 0.000138 seconds.
  path: Assets/Audience/Prefabs/Audience 5.prefab
  artifactKey: Guid(efca1169eb52c4b45a5f9a4535cb62d2) Importer(815301076,1909f56bfc062723c751e8b465ee728b)
Start importing Assets/Audience/Prefabs/Audience 5.prefab using Guid(efca1169eb52c4b45a5f9a4535cb62d2) Importer(815301076,1909f56bfc062723c751e8b465ee728b)  -> (artifact id: '318e0ed39f8af8f06636220e76c005f7') in 0.016259 seconds 
  Import took 0.018475 seconds .

========================================================================
Received Import Request.
  Time since last request: 0.000198 seconds.
  path: Assets/Audience/Prefabs/Audience 4.prefab
  artifactKey: Guid(a593ffef11c96604988afabc72f6904e) Importer(815301076,1909f56bfc062723c751e8b465ee728b)
Start importing Assets/Audience/Prefabs/Audience 4.prefab using Guid(a593ffef11c96604988afabc72f6904e) Importer(815301076,1909f56bfc062723c751e8b465ee728b)  -> (artifact id: '11177bb3b4fcac7cd6fcd0d29912207b') in 0.017762 seconds 
  Import took 0.020104 seconds .

========================================================================
Received Import Request.
  Time since last request: 0.000206 seconds.
  path: Assets/Audience/Audience.FBX
  artifactKey: Guid(204794585e8683340a2b6df73e9ac9f0) Importer(815301076,1909f56bfc062723c751e8b465ee728b)
Start importing Assets/Audience/Audience.FBX using Guid(204794585e8683340a2b6df73e9ac9f0) Importer(815301076,1909f56bfc062723c751e8b465ee728b)  -> (artifact id: 'b541796dc54118fc7ff27f4f88a0ab06') in 0.087110 seconds 
  Import took 0.089872 seconds .

========================================================================
Received Import Request.
  Time since last request: 0.000178 seconds.
  path: Assets/Audience/Prefabs/Audience 1.prefab
  artifactKey: Guid(ed90a41b7cfee034ca54be9d3de341cd) Importer(815301076,1909f56bfc062723c751e8b465ee728b)
Start importing Assets/Audience/Prefabs/Audience 1.prefab using Guid(ed90a41b7cfee034ca54be9d3de341cd) Importer(815301076,1909f56bfc062723c751e8b465ee728b)  -> (artifact id: '8acca343f3f4720535965c6baeb82a4c') in 0.015046 seconds 
  Import took 0.017370 seconds .

========================================================================
Received Import Request.
  Time since last request: 0.000141 seconds.
  path: Assets/Audience
  artifactKey: Guid(a18d11548bca41545b1e2311a09da6fb) Importer(815301076,1909f56bfc062723c751e8b465ee728b)
Start importing Assets/Audience using Guid(a18d11548bca41545b1e2311a09da6fb) Importer(815301076,1909f56bfc062723c751e8b465ee728b)  -> (artifact id: 'cc60ccc0a53cb812f39d806dadd1fceb') in 0.001493 seconds 
  Import took 0.003400 seconds .

========================================================================
Received Import Request.
  Time since last request: 0.000113 seconds.
  path: Assets/Audience/Prefabs
  artifactKey: Guid(b0e16a1560aaef74988fb1be8e69ec90) Importer(815301076,1909f56bfc062723c751e8b465ee728b)
Start importing Assets/Audience/Prefabs using Guid(b0e16a1560aaef74988fb1be8e69ec90) Importer(815301076,1909f56bfc062723c751e8b465ee728b)  -> (artifact id: 'e63d36498c14556b047af690b0b51501') in 0.004017 seconds 
  Import took 0.005934 seconds .

========================================================================
Received Import Request.
  Time since last request: 0.037831 seconds.
  path: Assets/Audience/Prefabs/Audience 1.prefab
  artifactKey: Guid(ed90a41b7cfee034ca54be9d3de341cd) Importer(815301076,1909f56bfc062723c751e8b465ee728b)
Start importing Assets/Audience/Prefabs/Audience 1.prefab using Guid(ed90a41b7cfee034ca54be9d3de341cd) Importer(815301076,1909f56bfc062723c751e8b465ee728b)  -> (artifact id: '8acca343f3f4720535965c6baeb82a4c') in 0.017491 seconds 
  Import took 0.020028 seconds .

========================================================================
Received Import Request.
  Time since last request: 132.017593 seconds.
  path: Assets/Audience/Materials
  artifactKey: Guid(f0706a7d8dce01a4b9348383342203d7) Importer(815301076,1909f56bfc062723c751e8b465ee728b)
Start importing Assets/Audience/Materials using Guid(f0706a7d8dce01a4b9348383342203d7) Importer(815301076,1909f56bfc062723c751e8b465ee728b)  -> (artifact id: '42aa8cf82b27c93ace7ebed9342c1d23') in 0.005708 seconds 
  Import took 0.008765 seconds .

========================================================================
Received Import Request.
  Time since last request: 0.014700 seconds.
  path: Assets/Audience/Materials
  artifactKey: Guid(f0706a7d8dce01a4b9348383342203d7) Importer(815301076,1909f56bfc062723c751e8b465ee728b)
Start importing Assets/Audience/Materials using Guid(f0706a7d8dce01a4b9348383342203d7) Importer(815301076,1909f56bfc062723c751e8b465ee728b)  -> (artifact id: '42aa8cf82b27c93ace7ebed9342c1d23') in 0.002019 seconds 
  Import took 0.004932 seconds .

========================================================================
Received Import Request.
  Time since last request: 0.098520 seconds.
  path: Assets/Audience/Materials/Audience_MAT1.mat
  artifactKey: Guid(5c57cae4107c43743b682234ac2b44bf) Importer(815301076,1909f56bfc062723c751e8b465ee728b)
Start importing Assets/Audience/Materials/Audience_MAT1.mat using Guid(5c57cae4107c43743b682234ac2b44bf) Importer(815301076,1909f56bfc062723c751e8b465ee728b)  -> (artifact id: 'c97469f720fedf660a35e475e44cc027') in 0.047445 seconds 
  Import took 0.050340 seconds .

========================================================================
Received Import Request.
  Time since last request: 0.000194 seconds.
  path: Assets/Audience/Materials/Audience_MAT3.mat
  artifactKey: Guid(f77bf34fd75a2854b9d046039922afc9) Importer(815301076,1909f56bfc062723c751e8b465ee728b)
Start importing Assets/Audience/Materials/Audience_MAT3.mat using Guid(f77bf34fd75a2854b9d046039922afc9) Importer(815301076,1909f56bfc062723c751e8b465ee728b)  -> (artifact id: 'fa4d403b57ee8ab320fbb392d1c88653') in 0.016586 seconds 
  Import took 0.018844 seconds .

========================================================================
Received Import Request.
  Time since last request: 0.000142 seconds.
  path: Assets/Audience/Materials/Audience_MAT5.mat
  artifactKey: Guid(7360ee61ed1d6484583dde8a5672f56c) Importer(815301076,1909f56bfc062723c751e8b465ee728b)
Start importing Assets/Audience/Materials/Audience_MAT5.mat using Guid(7360ee61ed1d6484583dde8a5672f56c) Importer(815301076,1909f56bfc062723c751e8b465ee728b)  -> (artifact id: 'fe5eaf32c8b17127f35283c8ba26c932') in 0.018505 seconds 
  Import took 0.020557 seconds .

========================================================================
Received Import Request.
  Time since last request: 0.000152 seconds.
  path: Assets/Audience/Materials/Audience_MAT7.mat
  artifactKey: Guid(f790ce3402817ee468aa0f8d2216f39d) Importer(815301076,1909f56bfc062723c751e8b465ee728b)
Start importing Assets/Audience/Materials/Audience_MAT7.mat using Guid(f790ce3402817ee468aa0f8d2216f39d) Importer(815301076,1909f56bfc062723c751e8b465ee728b)  -> (artifact id: 'bea3018fed3c2408b0d3e157131a007b') in 0.020753 seconds 
  Import took 0.022729 seconds .

========================================================================
Received Import Request.
  Time since last request: 0.000244 seconds.
  path: Assets/Audience/Materials/Audience_MAT2.mat
  artifactKey: Guid(e3455359e1865b740bda42857d917b31) Importer(815301076,1909f56bfc062723c751e8b465ee728b)
Start importing Assets/Audience/Materials/Audience_MAT2.mat using Guid(e3455359e1865b740bda42857d917b31) Importer(815301076,1909f56bfc062723c751e8b465ee728b)  -> (artifact id: '15989599e309d6c173573dc54c275c0a') in 0.020156 seconds 
  Import took 0.022144 seconds .

========================================================================
Received Import Request.
  Time since last request: 0.000240 seconds.
  path: Assets/Audience/Materials/Audience_MAT6.mat
  artifactKey: Guid(7b1adaa52c4c3464994ab61000f1a761) Importer(815301076,1909f56bfc062723c751e8b465ee728b)
Start importing Assets/Audience/Materials/Audience_MAT6.mat using Guid(7b1adaa52c4c3464994ab61000f1a761) Importer(815301076,1909f56bfc062723c751e8b465ee728b)  -> (artifact id: '4075cf6806d6d4c9011a83dbca7ce650') in 0.025857 seconds 
  Import took 0.027842 seconds .

========================================================================
Received Import Request.
  Time since last request: 0.000187 seconds.
  path: Assets/Audience/Materials/Audience_MAT4.mat
  artifactKey: Guid(76425f3b5dd37e64ebe55e37c245da12) Importer(815301076,1909f56bfc062723c751e8b465ee728b)
Start importing Assets/Audience/Materials/Audience_MAT4.mat using Guid(76425f3b5dd37e64ebe55e37c245da12) Importer(815301076,1909f56bfc062723c751e8b465ee728b)  -> (artifact id: '9859e4e84693a4fe5d9aef7e8fa952f7') in 0.020621 seconds 
  Import took 0.022616 seconds .

========================================================================
Received Import Request.
  Time since last request: 0.000236 seconds.
  path: Assets/Audience/Materials/hombre-super-low-text4.mat
  artifactKey: Guid(4ac0013fae162bb49b60f3b8e114886f) Importer(815301076,1909f56bfc062723c751e8b465ee728b)
Start importing Assets/Audience/Materials/hombre-super-low-text4.mat using Guid(4ac0013fae162bb49b60f3b8e114886f) Importer(815301076,1909f56bfc062723c751e8b465ee728b)  -> (artifact id: 'd5af0aa98829461b4bde510f392219a3') in 0.020506 seconds 
  Import took 0.022520 seconds .

========================================================================
Received Import Request.
  Time since last request: 9.788685 seconds.
  path: Assets/Audience/Audience.fbm
  artifactKey: Guid(7aa713d5335e0414c97fe402890b823b) Importer(815301076,1909f56bfc062723c751e8b465ee728b)
Start importing Assets/Audience/Audience.fbm using Guid(7aa713d5335e0414c97fe402890b823b) Importer(815301076,1909f56bfc062723c751e8b465ee728b)  -> (artifact id: '11df52daf246c7f99cd41e0bb53086e7') in 0.004771 seconds 
  Import took 0.007566 seconds .

========================================================================
Received Import Request.
  Time since last request: 0.007705 seconds.
  path: Assets/Audience/Audience.fbm
  artifactKey: Guid(7aa713d5335e0414c97fe402890b823b) Importer(815301076,1909f56bfc062723c751e8b465ee728b)
Start importing Assets/Audience/Audience.fbm using Guid(7aa713d5335e0414c97fe402890b823b) Importer(815301076,1909f56bfc062723c751e8b465ee728b)  -> (artifact id: '11df52daf246c7f99cd41e0bb53086e7') in 0.001819 seconds 
  Import took 0.004572 seconds .

========================================================================
Received Import Request.
  Time since last request: 0.065489 seconds.
  path: Assets/Audience/Audience.fbm/hombre-super-low-text4.jpg
  artifactKey: Guid(451912ea68f5c594a88526ce85ea7ec1) Importer(815301076,1909f56bfc062723c751e8b465ee728b)
Start importing Assets/Audience/Audience.fbm/hombre-super-low-text4.jpg using Guid(451912ea68f5c594a88526ce85ea7ec1) Importer(815301076,1909f56bfc062723c751e8b465ee728b)  -> (artifact id: '851712fb719d806d3b06dedebe9b3eb4') in 0.041985 seconds 
  Import took 0.044970 seconds .

========================================================================
Received Import Request.
  Time since last request: 4.662589 seconds.
  path: Assets/Audience/Textures
  artifactKey: Guid(e4cf7d3966ed3894baaf70435f858ef4) Importer(815301076,1909f56bfc062723c751e8b465ee728b)
Start importing Assets/Audience/Textures using Guid(e4cf7d3966ed3894baaf70435f858ef4) Importer(815301076,1909f56bfc062723c751e8b465ee728b)  -> (artifact id: '341499bc7c89961748f1645e4813d336') in 0.007074 seconds 
  Import took 0.009367 seconds .

========================================================================
Received Import Request.
  Time since last request: 0.007928 seconds.
  path: Assets/Audience/Textures/Audience2_TEXT.png
  artifactKey: Guid(89f46ea32c745b342ba8989348a8b547) Importer(815301076,1909f56bfc062723c751e8b465ee728b)
Start importing Assets/Audience/Textures/Audience2_TEXT.png using Guid(89f46ea32c745b342ba8989348a8b547) Importer(815301076,1909f56bfc062723c751e8b465ee728b)  -> (artifact id: '54a092e3ed3c1487a27e129b870ea1b2') in 0.019654 seconds 
  Import took 0.022715 seconds .

========================================================================
Received Import Request.
  Time since last request: 0.000260 seconds.
  path: Assets/Audience/Textures/Audience5_TEXT.png
  artifactKey: Guid(febe0e4f597223e488a9fe44d77fc183) Importer(815301076,1909f56bfc062723c751e8b465ee728b)
Start importing Assets/Audience/Textures/Audience5_TEXT.png using Guid(febe0e4f597223e488a9fe44d77fc183) Importer(815301076,1909f56bfc062723c751e8b465ee728b)  -> (artifact id: '3999167ac3592e84db14ba9ebfd0a4a3') in 0.017621 seconds 
  Import took 0.019757 seconds .

========================================================================
Received Import Request.
  Time since last request: 0.000253 seconds.
  path: Assets/Audience/Textures/Audience6_TEXT.png
  artifactKey: Guid(e8b61f82699da1f44963fb38dfc368e1) Importer(815301076,1909f56bfc062723c751e8b465ee728b)
Start importing Assets/Audience/Textures/Audience6_TEXT.png using Guid(e8b61f82699da1f44963fb38dfc368e1) Importer(815301076,1909f56bfc062723c751e8b465ee728b)  -> (artifact id: '89dfae6356125a5c73d4b05855137571') in 0.017544 seconds 
  Import took 0.019567 seconds .

========================================================================
Received Import Request.
  Time since last request: 0.000210 seconds.
  path: Assets/Audience/Textures/Audience3_TEXT.png
  artifactKey: Guid(d01dd72c22fe24c47995263ecd1aa41f) Importer(815301076,1909f56bfc062723c751e8b465ee728b)
Start importing Assets/Audience/Textures/Audience3_TEXT.png using Guid(d01dd72c22fe24c47995263ecd1aa41f) Importer(815301076,1909f56bfc062723c751e8b465ee728b)  -> (artifact id: '72052bc75bab25fe8f2199b33c31580c') in 0.020741 seconds 
  Import took 0.023657 seconds .

========================================================================
Received Import Request.
  Time since last request: 0.000241 seconds.
  path: Assets/Audience/Textures/Audience8_TEXT.png
  artifactKey: Guid(5e85674e8a8ed4147b3affc5ac082281) Importer(815301076,1909f56bfc062723c751e8b465ee728b)
Start importing Assets/Audience/Textures/Audience8_TEXT.png using Guid(5e85674e8a8ed4147b3affc5ac082281) Importer(815301076,1909f56bfc062723c751e8b465ee728b)  -> (artifact id: 'b0da86f41dab4b901980cb12597f5d73') in 0.018214 seconds 
  Import took 0.020344 seconds .

========================================================================
Received Import Request.
  Time since last request: 0.000278 seconds.
  path: Assets/Audience/Textures/Audience7_TEXT.png
  artifactKey: Guid(8f79467a68ca5254ea6685955544fb01) Importer(815301076,1909f56bfc062723c751e8b465ee728b)
Start importing Assets/Audience/Textures/Audience7_TEXT.png using Guid(8f79467a68ca5254ea6685955544fb01) Importer(815301076,1909f56bfc062723c751e8b465ee728b)  -> (artifact id: 'b4334841b0aa2f388b8ab788c092fe4f') in 0.016805 seconds 
  Import took 0.018829 seconds .

========================================================================
Received Import Request.
  Time since last request: 0.000238 seconds.
  path: Assets/Audience/Textures/Audience4_TEXT.png
  artifactKey: Guid(c2938ce1b3d5e3f4e93d64824a22a5c4) Importer(815301076,1909f56bfc062723c751e8b465ee728b)
Start importing Assets/Audience/Textures/Audience4_TEXT.png using Guid(c2938ce1b3d5e3f4e93d64824a22a5c4) Importer(815301076,1909f56bfc062723c751e8b465ee728b)  -> (artifact id: '4552eaf8ae9fecf52ce5862c0d10eb9a') in 0.018482 seconds 
  Import took 0.020531 seconds .

========================================================================
Received Import Request.
  Time since last request: 221.449451 seconds.
  path: Assets
  artifactKey: Guid(00000000000000001000000000000000) Importer(815301076,1909f56bfc062723c751e8b465ee728b)
Start importing Assets using Guid(00000000000000001000000000000000) Importer(815301076,1909f56bfc062723c751e8b465ee728b)  -> (artifact id: '42d402b061de3733987d63b9cc3b64de') in 0.006586 seconds 
  Import took 0.008968 seconds .

========================================================================
Received Import Request.
  Time since last request: 0.006287 seconds.
  path: Assets
  artifactKey: Guid(00000000000000001000000000000000) Importer(815301076,1909f56bfc062723c751e8b465ee728b)
Start importing Assets using Guid(00000000000000001000000000000000) Importer(815301076,1909f56bfc062723c751e8b465ee728b)  -> (artifact id: '42d402b061de3733987d63b9cc3b64de') in 0.002323 seconds 
  Import took 0.005369 seconds .

========================================================================
Received Prepare
Registering precompiled user dll's ...
Registered in 0.002943 seconds.
Begin MonoManager ReloadAssembly
Symbol file data-000002337AA1A060 doesn't match image E:\Unity Files\Dodge!\brackeys-2021\Brackeys2021\Library\ScriptAssemblies\Unity.VSCode.Editor.dll
Symbol file LoadedFromMemory is not a mono symbol file
Symbol file data-000002337D7AA020 doesn't match image E:\Unity Files\Dodge!\brackeys-2021\Brackeys2021\Library\ScriptAssemblies\Unity.TextMeshPro.Editor.dll
Symbol file LoadedFromMemory is not a mono symbol file
Symbol file data-000002337AD9B010 doesn't match image E:\Unity Files\Dodge!\brackeys-2021\Brackeys2021\Library\ScriptAssemblies\Unity.VisualStudio.Editor.dll
Symbol file LoadedFromMemory is not a mono symbol file
Symbol file data-0000023374F3D4A0 doesn't match image E:\Unity Files\Dodge!\brackeys-2021\Brackeys2021\Library\ScriptAssemblies\UnityEngine.TestRunner.dll
Symbol file LoadedFromMemory is not a mono symbol file
Symbol file data-0000023375392EE0 doesn't match image E:\Unity Files\Dodge!\brackeys-2021\Brackeys2021\Library\ScriptAssemblies\Unity.Timeline.Editor.dll
Symbol file LoadedFromMemory is not a mono symbol file
Symbol file data-0000023375314C30 doesn't match image E:\Unity Files\Dodge!\brackeys-2021\Brackeys2021\Library\ScriptAssemblies\Unity.Timeline.dll
Symbol file LoadedFromMemory is not a mono symbol file
Symbol file data-0000023379971010 doesn't match image E:\Unity Files\Dodge!\brackeys-2021\Brackeys2021\Library\ScriptAssemblies\Unity.TextMeshPro.dll
Symbol file LoadedFromMemory is not a mono symbol file
Symbol file data-000002337AF32440 doesn't match image E:\Unity Files\Dodge!\brackeys-2021\Brackeys2021\Library\ScriptAssemblies\Unity.CollabProxy.Editor.dll
Symbol file LoadedFromMemory is not a mono symbol file
Symbol file data-000002337E82CB70 doesn't match image E:\Unity Files\Dodge!\brackeys-2021\Brackeys2021\Library\ScriptAssemblies\UnityEditor.TestRunner.dll
Symbol file LoadedFromMemory is not a mono symbol file
Symbol file data-000002337A516D80 doesn't match image E:\Unity Files\Dodge!\brackeys-2021\Brackeys2021\Library\ScriptAssemblies\UnityEditor.UI.dll
Symbol file LoadedFromMemory is not a mono symbol file
Symbol file data-000002337A36B020 doesn't match image E:\Unity Files\Dodge!\brackeys-2021\Brackeys2021\Library\ScriptAssemblies\Unity.PlasticSCM.Editor.dll
Symbol file LoadedFromMemory is not a mono symbol file
Symbol file data-000002337AE143F0 doesn't match image E:\Unity Files\Dodge!\brackeys-2021\Brackeys2021\Library\ScriptAssemblies\Unity.Rider.Editor.dll
Symbol file LoadedFromMemory is not a mono symbol file
Symbol file data-0000023375581020 doesn't match image E:\Unity Files\Dodge!\brackeys-2021\Brackeys2021\Library\ScriptAssemblies\UnityEngine.UI.dll
Symbol file LoadedFromMemory is not a mono symbol file
Native extension for WindowsStandalone target not found
Native extension for WebGL target not found
Refreshing native plugins compatible for Editor in 0.37 ms, found 2 plugins.
Preloading 0 native plugins for Editor in 0.00 ms.
Mono: successfully reloaded assembly
- Completed reload, in  0.881 seconds
Domain Reload Profiling:
	ReloadAssembly (881ms)
		BeginReloadAssembly (99ms)
			ExecutionOrderSort (0ms)
			DisableScriptedObjects (3ms)
			BackupInstance (0ms)
			ReleaseScriptingObjects (0ms)
			CreateAndSetChildDomain (28ms)
		EndReloadAssembly (731ms)
			LoadAssemblies (65ms)
			RebuildTransferFunctionScriptingTraits (0ms)
			SetupTypeCache (214ms)
			ReleaseScriptCaches (1ms)
			RebuildScriptCaches (32ms)
			SetupLoadedEditorAssemblies (317ms)
				LogAssemblyErrors (0ms)
				InitializePlatformSupportModulesInManaged (6ms)
				SetLoadedEditorAssemblies (0ms)
				RefreshPlugins (0ms)
				BeforeProcessingInitializeOnLoad (79ms)
				ProcessInitializeOnLoadAttributes (222ms)
				ProcessInitializeOnLoadMethodAttributes (3ms)
				AfterProcessingInitializeOnLoad (5ms)
				EditorAssembliesLoaded (0ms)
			ExecutionOrderSort2 (0ms)
			AwakeInstancesAfterBackupRestoration (6ms)
Platform modules already initialized, skipping
Refreshing native plugins compatible for Editor in 0.41 ms, found 2 plugins.
Preloading 0 native plugins for Editor in 0.00 ms.
Unloading 1391 Unused Serialized files (Serialized files now loaded: 0)
System memory in use before: 83.6 MB.
System memory in use after: 83.7 MB.

Unloading 13 unused Assets to reduce memory usage. Loaded Objects now: 1880.
Total: 2.411900 ms (FindLiveObjects: 0.162500 ms CreateObjectMapping: 0.047500 ms MarkObjects: 2.183200 ms  DeleteObjects: 0.017300 ms)

AssetImportParameters requested are different than current active one (requested -> active):
  requireTextureImportCompression: false -> true
  custom:framework-win-MediaFoundation: 216162199b28c13a410421893ffa2e32 -> 
  custom:video-decoder-ogg-theora: a1e56fd34408186e4bbccfd4996cb3dc -> 
  custom:container-muxer-webm: aa71ff27fc2769a1b78a27578f13a17b -> 
  custom:container-demuxer-webm: 4f35f7cbe854078d1ac9338744f61a02 -> 
  custom:container-demuxer-ogg: 62fdf1f143b41e24485cea50d1cbac27 -> 
  custom:video-encoder-webm-vp8: eb34c28f22e8b96e1ab97ce403110664 -> 
  custom:video-codec-MediaFoundation-h265: 746d11721c4dcdbdad8f713fa42b33f4 -> 
  custom:video-decoder-webm-vp8: 9c59270c3fd7afecdb556c50c9e8de78 -> 
  custom:audio-decoder-ogg-vorbis: bf7c407c2cedff20999df2af8eb42d56 -> 
  custom:audio-encoder-webm-vorbis: bf7c407c2cedff20999df2af8eb42d56 -> 
========================================================================
Received Import Request.
  Time since last request: 6.020038 seconds.
  path: Assets/Scripts
  artifactKey: Guid(883be67d6c34f3d4dbe85faf659dc97d) Importer(815301076,1909f56bfc062723c751e8b465ee728b)
Start importing Assets/Scripts using Guid(883be67d6c34f3d4dbe85faf659dc97d) Importer(815301076,1909f56bfc062723c751e8b465ee728b)  -> (artifact id: '7356b29286e4c65cc2895c01a800225d') in 0.007053 seconds 
  Import took 0.009354 seconds .

========================================================================
Received Import Request.
  Time since last request: 38.441905 seconds.
  path: Assets/Scripts/Audience.cs
  artifactKey: Guid(f8208f2243ad4e14eb1ccf30de6c4df8) Importer(815301076,1909f56bfc062723c751e8b465ee728b)
Start importing Assets/Scripts/Audience.cs using Guid(f8208f2243ad4e14eb1ccf30de6c4df8) Importer(815301076,1909f56bfc062723c751e8b465ee728b)  -> (artifact id: '77f4b354ef2ff33dfbc23198abe12ccc') in 0.021924 seconds 
  Import took 0.024535 seconds .

========================================================================
Received Import Request.
  Time since last request: 0.002750 seconds.
  path: Assets/Scripts/Audience.cs
  artifactKey: Guid(f8208f2243ad4e14eb1ccf30de6c4df8) Importer(815301076,1909f56bfc062723c751e8b465ee728b)
Start importing Assets/Scripts/Audience.cs using Guid(f8208f2243ad4e14eb1ccf30de6c4df8) Importer(815301076,1909f56bfc062723c751e8b465ee728b)  -> (artifact id: '77f4b354ef2ff33dfbc23198abe12ccc') in 0.001624 seconds 
  Import took 0.004323 seconds .

========================================================================
Received Prepare
Registering precompiled user dll's ...
Registered in 0.002075 seconds.
Begin MonoManager ReloadAssembly
Symbol file data-000002337E3A3BA0 doesn't match image E:\Unity Files\Dodge!\brackeys-2021\Brackeys2021\Library\ScriptAssemblies\Unity.VSCode.Editor.dll
Symbol file LoadedFromMemory is not a mono symbol file
Symbol file data-000002337B0BE010 doesn't match image E:\Unity Files\Dodge!\brackeys-2021\Brackeys2021\Library\ScriptAssemblies\Unity.TextMeshPro.Editor.dll
Symbol file LoadedFromMemory is not a mono symbol file
Symbol file data-0000023379721020 doesn't match image E:\Unity Files\Dodge!\brackeys-2021\Brackeys2021\Library\ScriptAssemblies\Unity.VisualStudio.Editor.dll
Symbol file LoadedFromMemory is not a mono symbol file
Symbol file data-0000023375929E30 doesn't match image E:\Unity Files\Dodge!\brackeys-2021\Brackeys2021\Library\ScriptAssemblies\UnityEngine.TestRunner.dll
Symbol file LoadedFromMemory is not a mono symbol file
Symbol file data-0000023375392EE0 doesn't match image E:\Unity Files\Dodge!\brackeys-2021\Brackeys2021\Library\ScriptAssemblies\Unity.Timeline.Editor.dll
Symbol file LoadedFromMemory is not a mono symbol file
Symbol file data-000002337B0BE010 doesn't match image E:\Unity Files\Dodge!\brackeys-2021\Brackeys2021\Library\ScriptAssemblies\Unity.Timeline.dll
Symbol file LoadedFromMemory is not a mono symbol file
Symbol file data-0000023379B79020 doesn't match image E:\Unity Files\Dodge!\brackeys-2021\Brackeys2021\Library\ScriptAssemblies\Unity.TextMeshPro.dll
Symbol file LoadedFromMemory is not a mono symbol file
Symbol file data-0000023375929E30 doesn't match image E:\Unity Files\Dodge!\brackeys-2021\Brackeys2021\Library\ScriptAssemblies\Unity.CollabProxy.Editor.dll
Symbol file LoadedFromMemory is not a mono symbol file
Symbol file data-000002337E82CB70 doesn't match image E:\Unity Files\Dodge!\brackeys-2021\Brackeys2021\Library\ScriptAssemblies\UnityEditor.TestRunner.dll
Symbol file LoadedFromMemory is not a mono symbol file
Symbol file data-0000023379721020 doesn't match image E:\Unity Files\Dodge!\brackeys-2021\Brackeys2021\Library\ScriptAssemblies\UnityEditor.UI.dll
Symbol file LoadedFromMemory is not a mono symbol file
Symbol file data-000002337CBAA020 doesn't match image E:\Unity Files\Dodge!\brackeys-2021\Brackeys2021\Library\ScriptAssemblies\Unity.PlasticSCM.Editor.dll
Symbol file LoadedFromMemory is not a mono symbol file
Symbol file data-000002337A516D80 doesn't match image E:\Unity Files\Dodge!\brackeys-2021\Brackeys2021\Library\ScriptAssemblies\Unity.Rider.Editor.dll
Symbol file LoadedFromMemory is not a mono symbol file
Symbol file data-0000023375416020 doesn't match image E:\Unity Files\Dodge!\brackeys-2021\Brackeys2021\Library\ScriptAssemblies\UnityEngine.UI.dll
Symbol file LoadedFromMemory is not a mono symbol file
Native extension for WindowsStandalone target not found
Native extension for WebGL target not found
Refreshing native plugins compatible for Editor in 0.37 ms, found 2 plugins.
Preloading 0 native plugins for Editor in 0.00 ms.
Mono: successfully reloaded assembly
- Completed reload, in  0.910 seconds
Domain Reload Profiling:
	ReloadAssembly (910ms)
		BeginReloadAssembly (100ms)
			ExecutionOrderSort (0ms)
			DisableScriptedObjects (4ms)
			BackupInstance (0ms)
			ReleaseScriptingObjects (0ms)
			CreateAndSetChildDomain (28ms)
		EndReloadAssembly (754ms)
			LoadAssemblies (69ms)
			RebuildTransferFunctionScriptingTraits (0ms)
			SetupTypeCache (243ms)
			ReleaseScriptCaches (1ms)
			RebuildScriptCaches (34ms)
			SetupLoadedEditorAssemblies (320ms)
				LogAssemblyErrors (0ms)
				InitializePlatformSupportModulesInManaged (6ms)
				SetLoadedEditorAssemblies (0ms)
				RefreshPlugins (0ms)
				BeforeProcessingInitializeOnLoad (80ms)
				ProcessInitializeOnLoadAttributes (223ms)
				ProcessInitializeOnLoadMethodAttributes (3ms)
				AfterProcessingInitializeOnLoad (6ms)
				EditorAssembliesLoaded (0ms)
			ExecutionOrderSort2 (0ms)
			AwakeInstancesAfterBackupRestoration (6ms)
Platform modules already initialized, skipping
Refreshing native plugins compatible for Editor in 0.42 ms, found 2 plugins.
Preloading 0 native plugins for Editor in 0.00 ms.
Unloading 1392 Unused Serialized files (Serialized files now loaded: 0)
System memory in use before: 83.7 MB.
System memory in use after: 83.8 MB.

Unloading 13 unused Assets to reduce memory usage. Loaded Objects now: 1883.
Total: 2.359200 ms (FindLiveObjects: 0.162800 ms CreateObjectMapping: 0.048700 ms MarkObjects: 2.133600 ms  DeleteObjects: 0.013300 ms)

AssetImportParameters requested are different than current active one (requested -> active):
  requireTextureImportCompression: false -> true
  custom:framework-win-MediaFoundation: 216162199b28c13a410421893ffa2e32 -> 
  custom:video-decoder-ogg-theora: a1e56fd34408186e4bbccfd4996cb3dc -> 
  custom:container-muxer-webm: aa71ff27fc2769a1b78a27578f13a17b -> 
  custom:container-demuxer-webm: 4f35f7cbe854078d1ac9338744f61a02 -> 
  custom:container-demuxer-ogg: 62fdf1f143b41e24485cea50d1cbac27 -> 
  custom:video-encoder-webm-vp8: eb34c28f22e8b96e1ab97ce403110664 -> 
  custom:video-codec-MediaFoundation-h265: 746d11721c4dcdbdad8f713fa42b33f4 -> 
  custom:video-decoder-webm-vp8: 9c59270c3fd7afecdb556c50c9e8de78 -> 
  custom:audio-decoder-ogg-vorbis: bf7c407c2cedff20999df2af8eb42d56 -> 
  custom:audio-encoder-webm-vorbis: bf7c407c2cedff20999df2af8eb42d56 -> 
========================================================================
Received Prepare
Registering precompiled user dll's ...
Registered in 0.002146 seconds.
Begin MonoManager ReloadAssembly
Symbol file data-000002337E3A3BA0 doesn't match image E:\Unity Files\Dodge!\brackeys-2021\Brackeys2021\Library\ScriptAssemblies\Unity.VSCode.Editor.dll
Symbol file LoadedFromMemory is not a mono symbol file
Symbol file data-000002337B3BD010 doesn't match image E:\Unity Files\Dodge!\brackeys-2021\Brackeys2021\Library\ScriptAssemblies\Unity.TextMeshPro.Editor.dll
Symbol file LoadedFromMemory is not a mono symbol file
Symbol file data-0000023379721020 doesn't match image E:\Unity Files\Dodge!\brackeys-2021\Brackeys2021\Library\ScriptAssemblies\Unity.VisualStudio.Editor.dll
Symbol file LoadedFromMemory is not a mono symbol file
Symbol file data-0000023375314C30 doesn't match image E:\Unity Files\Dodge!\brackeys-2021\Brackeys2021\Library\ScriptAssemblies\UnityEngine.TestRunner.dll
Symbol file LoadedFromMemory is not a mono symbol file
Symbol file data-000002337E709C80 doesn't match image E:\Unity Files\Dodge!\brackeys-2021\Brackeys2021\Library\ScriptAssemblies\Unity.Timeline.Editor.dll
Symbol file LoadedFromMemory is not a mono symbol file
Symbol file data-000002337B3BD010 doesn't match image E:\Unity Files\Dodge!\brackeys-2021\Brackeys2021\Library\ScriptAssemblies\Unity.Timeline.dll
Symbol file LoadedFromMemory is not a mono symbol file
Symbol file data-0000023379971010 doesn't match image E:\Unity Files\Dodge!\brackeys-2021\Brackeys2021\Library\ScriptAssemblies\Unity.TextMeshPro.dll
Symbol file LoadedFromMemory is not a mono symbol file
Symbol file data-0000023375314C30 doesn't match image E:\Unity Files\Dodge!\brackeys-2021\Brackeys2021\Library\ScriptAssemblies\Unity.CollabProxy.Editor.dll
Symbol file LoadedFromMemory is not a mono symbol file
Symbol file data-000002337B325010 doesn't match image E:\Unity Files\Dodge!\brackeys-2021\Brackeys2021\Library\ScriptAssemblies\UnityEditor.TestRunner.dll
Symbol file LoadedFromMemory is not a mono symbol file
Symbol file data-0000023379721020 doesn't match image E:\Unity Files\Dodge!\brackeys-2021\Brackeys2021\Library\ScriptAssemblies\UnityEditor.UI.dll
Symbol file LoadedFromMemory is not a mono symbol file
Symbol file data-000002337CAF6010 doesn't match image E:\Unity Files\Dodge!\brackeys-2021\Brackeys2021\Library\ScriptAssemblies\Unity.PlasticSCM.Editor.dll
Symbol file LoadedFromMemory is not a mono symbol file
Symbol file data-0000023375938C80 doesn't match image E:\Unity Files\Dodge!\brackeys-2021\Brackeys2021\Library\ScriptAssemblies\Unity.Rider.Editor.dll
Symbol file LoadedFromMemory is not a mono symbol file
Symbol file data-000002337A321010 doesn't match image E:\Unity Files\Dodge!\brackeys-2021\Brackeys2021\Library\ScriptAssemblies\UnityEngine.UI.dll
Symbol file LoadedFromMemory is not a mono symbol file
Native extension for WindowsStandalone target not found
Native extension for WebGL target not found
Refreshing native plugins compatible for Editor in 0.34 ms, found 2 plugins.
Preloading 0 native plugins for Editor in 0.00 ms.
Mono: successfully reloaded assembly
- Completed reload, in  1.044 seconds
Domain Reload Profiling:
	ReloadAssembly (1045ms)
		BeginReloadAssembly (140ms)
			ExecutionOrderSort (0ms)
			DisableScriptedObjects (5ms)
			BackupInstance (0ms)
			ReleaseScriptingObjects (0ms)
			CreateAndSetChildDomain (43ms)
		EndReloadAssembly (841ms)
			LoadAssemblies (88ms)
			RebuildTransferFunctionScriptingTraits (0ms)
			SetupTypeCache (288ms)
			ReleaseScriptCaches (1ms)
			RebuildScriptCaches (52ms)
			SetupLoadedEditorAssemblies (314ms)
				LogAssemblyErrors (0ms)
				InitializePlatformSupportModulesInManaged (6ms)
				SetLoadedEditorAssemblies (0ms)
				RefreshPlugins (0ms)
				BeforeProcessingInitializeOnLoad (77ms)
				ProcessInitializeOnLoadAttributes (221ms)
				ProcessInitializeOnLoadMethodAttributes (3ms)
				AfterProcessingInitializeOnLoad (6ms)
				EditorAssembliesLoaded (0ms)
			ExecutionOrderSort2 (0ms)
			AwakeInstancesAfterBackupRestoration (8ms)
Platform modules already initialized, skipping
Refreshing native plugins compatible for Editor in 0.42 ms, found 2 plugins.
Preloading 0 native plugins for Editor in 0.00 ms.
Unloading 1392 Unused Serialized files (Serialized files now loaded: 0)
System memory in use before: 83.7 MB.
System memory in use after: 83.8 MB.

Unloading 13 unused Assets to reduce memory usage. Loaded Objects now: 1885.
Total: 4.313500 ms (FindLiveObjects: 0.171900 ms CreateObjectMapping: 0.046300 ms MarkObjects: 4.065500 ms  DeleteObjects: 0.028300 ms)

AssetImportParameters requested are different than current active one (requested -> active):
  requireTextureImportCompression: false -> true
  custom:framework-win-MediaFoundation: 216162199b28c13a410421893ffa2e32 -> 
  custom:video-decoder-ogg-theora: a1e56fd34408186e4bbccfd4996cb3dc -> 
  custom:container-muxer-webm: aa71ff27fc2769a1b78a27578f13a17b -> 
  custom:container-demuxer-webm: 4f35f7cbe854078d1ac9338744f61a02 -> 
  custom:container-demuxer-ogg: 62fdf1f143b41e24485cea50d1cbac27 -> 
  custom:video-encoder-webm-vp8: eb34c28f22e8b96e1ab97ce403110664 -> 
  custom:video-codec-MediaFoundation-h265: 746d11721c4dcdbdad8f713fa42b33f4 -> 
  custom:video-decoder-webm-vp8: 9c59270c3fd7afecdb556c50c9e8de78 -> 
  custom:audio-decoder-ogg-vorbis: bf7c407c2cedff20999df2af8eb42d56 -> 
  custom:audio-encoder-webm-vorbis: bf7c407c2cedff20999df2af8eb42d56 -> 
========================================================================
Received Import Request.
  Time since last request: 26.573922 seconds.
  path: Assets/Scripts/Audience.cs
  artifactKey: Guid(f8208f2243ad4e14eb1ccf30de6c4df8) Importer(815301076,1909f56bfc062723c751e8b465ee728b)
Start importing Assets/Scripts/Audience.cs using Guid(f8208f2243ad4e14eb1ccf30de6c4df8) Importer(815301076,1909f56bfc062723c751e8b465ee728b)  -> (artifact id: '517631c657c870b7a280faa340e78a95') in 0.003335 seconds 
  Import took 0.005429 seconds .

========================================================================
Received Prepare
Registering precompiled user dll's ...
Registered in 0.004238 seconds.
Begin MonoManager ReloadAssembly
Symbol file data-000002337E3A3BA0 doesn't match image E:\Unity Files\Dodge!\brackeys-2021\Brackeys2021\Library\ScriptAssemblies\Unity.VSCode.Editor.dll
Symbol file LoadedFromMemory is not a mono symbol file
Symbol file data-00000233A1D3E040 doesn't match image E:\Unity Files\Dodge!\brackeys-2021\Brackeys2021\Library\ScriptAssemblies\Unity.TextMeshPro.Editor.dll
Symbol file LoadedFromMemory is not a mono symbol file
Symbol file data-0000023379721020 doesn't match image E:\Unity Files\Dodge!\brackeys-2021\Brackeys2021\Library\ScriptAssemblies\Unity.VisualStudio.Editor.dll
Symbol file LoadedFromMemory is not a mono symbol file
Symbol file data-00000233751D9770 doesn't match image E:\Unity Files\Dodge!\brackeys-2021\Brackeys2021\Library\ScriptAssemblies\UnityEngine.TestRunner.dll
Symbol file LoadedFromMemory is not a mono symbol file
Symbol file data-000002337CB3CE60 doesn't match image E:\Unity Files\Dodge!\brackeys-2021\Brackeys2021\Library\ScriptAssemblies\Unity.Timeline.Editor.dll
Symbol file LoadedFromMemory is not a mono symbol file
Symbol file data-00000233A1D3E040 doesn't match image E:\Unity Files\Dodge!\brackeys-2021\Brackeys2021\Library\ScriptAssemblies\Unity.Timeline.dll
Symbol file LoadedFromMemory is not a mono symbol file
Symbol file data-0000023379971010 doesn't match image E:\Unity Files\Dodge!\brackeys-2021\Brackeys2021\Library\ScriptAssemblies\Unity.TextMeshPro.dll
Symbol file LoadedFromMemory is not a mono symbol file
Symbol file data-00000233751D9770 doesn't match image E:\Unity Files\Dodge!\brackeys-2021\Brackeys2021\Library\ScriptAssemblies\Unity.CollabProxy.Editor.dll
Symbol file LoadedFromMemory is not a mono symbol file
Symbol file data-000002337D225CE0 doesn't match image E:\Unity Files\Dodge!\brackeys-2021\Brackeys2021\Library\ScriptAssemblies\UnityEditor.TestRunner.dll
Symbol file LoadedFromMemory is not a mono symbol file
Symbol file data-0000023379721020 doesn't match image E:\Unity Files\Dodge!\brackeys-2021\Brackeys2021\Library\ScriptAssemblies\UnityEditor.UI.dll
Symbol file LoadedFromMemory is not a mono symbol file
Symbol file data-000002337A36B020 doesn't match image E:\Unity Files\Dodge!\brackeys-2021\Brackeys2021\Library\ScriptAssemblies\Unity.PlasticSCM.Editor.dll
Symbol file LoadedFromMemory is not a mono symbol file
Symbol file data-000002337A50F010 doesn't match image E:\Unity Files\Dodge!\brackeys-2021\Brackeys2021\Library\ScriptAssemblies\Unity.Rider.Editor.dll
Symbol file LoadedFromMemory is not a mono symbol file
Symbol file data-000002337EA05010 doesn't match image E:\Unity Files\Dodge!\brackeys-2021\Brackeys2021\Library\ScriptAssemblies\UnityEngine.UI.dll
Symbol file LoadedFromMemory is not a mono symbol file
Native extension for WindowsStandalone target not found
Native extension for WebGL target not found
Refreshing native plugins compatible for Editor in 0.34 ms, found 2 plugins.
Preloading 0 native plugins for Editor in 0.00 ms.
Mono: successfully reloaded assembly
- Completed reload, in  1.018 seconds
Domain Reload Profiling:
	ReloadAssembly (1019ms)
		BeginReloadAssembly (130ms)
			ExecutionOrderSort (0ms)
			DisableScriptedObjects (4ms)
			BackupInstance (0ms)
			ReleaseScriptingObjects (0ms)
			CreateAndSetChildDomain (38ms)
		EndReloadAssembly (828ms)
			LoadAssemblies (91ms)
			RebuildTransferFunctionScriptingTraits (0ms)
			SetupTypeCache (262ms)
			ReleaseScriptCaches (1ms)
			RebuildScriptCaches (37ms)
			SetupLoadedEditorAssemblies (348ms)
				LogAssemblyErrors (0ms)
				InitializePlatformSupportModulesInManaged (6ms)
				SetLoadedEditorAssemblies (0ms)
				RefreshPlugins (0ms)
				BeforeProcessingInitializeOnLoad (84ms)
				ProcessInitializeOnLoadAttributes (248ms)
				ProcessInitializeOnLoadMethodAttributes (3ms)
				AfterProcessingInitializeOnLoad (6ms)
				EditorAssembliesLoaded (0ms)
			ExecutionOrderSort2 (0ms)
			AwakeInstancesAfterBackupRestoration (6ms)
Platform modules already initialized, skipping
Refreshing native plugins compatible for Editor in 0.43 ms, found 2 plugins.
Preloading 0 native plugins for Editor in 0.00 ms.
Unloading 1392 Unused Serialized files (Serialized files now loaded: 0)
System memory in use before: 83.7 MB.
System memory in use after: 83.8 MB.

Unloading 13 unused Assets to reduce memory usage. Loaded Objects now: 1887.
Total: 3.363800 ms (FindLiveObjects: 0.152100 ms CreateObjectMapping: 0.042200 ms MarkObjects: 3.149300 ms  DeleteObjects: 0.019000 ms)

AssetImportParameters requested are different than current active one (requested -> active):
  requireTextureImportCompression: false -> true
  custom:framework-win-MediaFoundation: 216162199b28c13a410421893ffa2e32 -> 
  custom:video-decoder-ogg-theora: a1e56fd34408186e4bbccfd4996cb3dc -> 
  custom:container-muxer-webm: aa71ff27fc2769a1b78a27578f13a17b -> 
  custom:container-demuxer-webm: 4f35f7cbe854078d1ac9338744f61a02 -> 
  custom:container-demuxer-ogg: 62fdf1f143b41e24485cea50d1cbac27 -> 
  custom:video-encoder-webm-vp8: eb34c28f22e8b96e1ab97ce403110664 -> 
  custom:video-codec-MediaFoundation-h265: 746d11721c4dcdbdad8f713fa42b33f4 -> 
  custom:video-decoder-webm-vp8: 9c59270c3fd7afecdb556c50c9e8de78 -> 
  custom:audio-decoder-ogg-vorbis: bf7c407c2cedff20999df2af8eb42d56 -> 
  custom:audio-encoder-webm-vorbis: bf7c407c2cedff20999df2af8eb42d56 -> 
========================================================================
Received Prepare
Registering precompiled user dll's ...
Registered in 0.002365 seconds.
Begin MonoManager ReloadAssembly
Native extension for WindowsStandalone target not found
Native extension for WebGL target not found
Refreshing native plugins compatible for Editor in 0.66 ms, found 2 plugins.
Preloading 0 native plugins for Editor in 0.00 ms.
Mono: successfully reloaded assembly
- Completed reload, in  1.146 seconds
Domain Reload Profiling:
	ReloadAssembly (1146ms)
		BeginReloadAssembly (130ms)
			ExecutionOrderSort (0ms)
			DisableScriptedObjects (9ms)
			BackupInstance (0ms)
			ReleaseScriptingObjects (0ms)
			CreateAndSetChildDomain (46ms)
		EndReloadAssembly (928ms)
			LoadAssemblies (89ms)
			RebuildTransferFunctionScriptingTraits (0ms)
			SetupTypeCache (304ms)
			ReleaseScriptCaches (2ms)
			RebuildScriptCaches (47ms)
			SetupLoadedEditorAssemblies (388ms)
				LogAssemblyErrors (0ms)
				InitializePlatformSupportModulesInManaged (6ms)
				SetLoadedEditorAssemblies (0ms)
				RefreshPlugins (1ms)
				BeforeProcessingInitializeOnLoad (96ms)
				ProcessInitializeOnLoadAttributes (275ms)
				ProcessInitializeOnLoadMethodAttributes (3ms)
				AfterProcessingInitializeOnLoad (6ms)
				EditorAssembliesLoaded (0ms)
			ExecutionOrderSort2 (0ms)
			AwakeInstancesAfterBackupRestoration (6ms)
Platform modules already initialized, skipping
Refreshing native plugins compatible for Editor in 0.68 ms, found 2 plugins.
Preloading 0 native plugins for Editor in 0.00 ms.
Unloading 1391 Unused Serialized files (Serialized files now loaded: 0)
System memory in use before: 83.7 MB.
System memory in use after: 83.8 MB.

Unloading 14 unused Assets to reduce memory usage. Loaded Objects now: 1888.
Total: 3.776000 ms (FindLiveObjects: 0.368900 ms CreateObjectMapping: 0.116500 ms MarkObjects: 3.258000 ms  DeleteObjects: 0.028100 ms)

AssetImportParameters requested are different than current active one (requested -> active):
  requireTextureImportCompression: false -> true
  custom:framework-win-MediaFoundation: 216162199b28c13a410421893ffa2e32 -> 
  custom:video-decoder-ogg-theora: a1e56fd34408186e4bbccfd4996cb3dc -> 
  custom:container-muxer-webm: aa71ff27fc2769a1b78a27578f13a17b -> 
  custom:container-demuxer-webm: 4f35f7cbe854078d1ac9338744f61a02 -> 
  custom:container-demuxer-ogg: 62fdf1f143b41e24485cea50d1cbac27 -> 
  custom:video-encoder-webm-vp8: eb34c28f22e8b96e1ab97ce403110664 -> 
  custom:video-codec-MediaFoundation-h265: 746d11721c4dcdbdad8f713fa42b33f4 -> 
  custom:video-decoder-webm-vp8: 9c59270c3fd7afecdb556c50c9e8de78 -> 
  custom:audio-decoder-ogg-vorbis: bf7c407c2cedff20999df2af8eb42d56 -> 
  custom:audio-encoder-webm-vorbis: bf7c407c2cedff20999df2af8eb42d56 -> 
========================================================================
Received Import Request.
  Time since last request: 54664.905485 seconds.
  path: Assets/SupermarketInterior_v2.5
  artifactKey: Guid(3a25858f985436f43bc1efa851a8d4b9) Importer(815301076,1909f56bfc062723c751e8b465ee728b)
Start importing Assets/SupermarketInterior_v2.5 using Guid(3a25858f985436f43bc1efa851a8d4b9) Importer(815301076,1909f56bfc062723c751e8b465ee728b)  -> (artifact id: '89f500f964a0e7e626ba87a43150a3e4') in 0.008970 seconds 
  Import took 0.011991 seconds .

========================================================================
Received Import Request.
  Time since last request: 0.007229 seconds.
  path: Assets/SupermarketInterior_v2.5
  artifactKey: Guid(3a25858f985436f43bc1efa851a8d4b9) Importer(815301076,1909f56bfc062723c751e8b465ee728b)
Start importing Assets/SupermarketInterior_v2.5 using Guid(3a25858f985436f43bc1efa851a8d4b9) Importer(815301076,1909f56bfc062723c751e8b465ee728b)  -> (artifact id: '89f500f964a0e7e626ba87a43150a3e4') in 0.002038 seconds 
  Import took 0.005888 seconds .

========================================================================
Received Import Request.
  Time since last request: 2.648165 seconds.
  path: Assets/SupermarketInterior_v2.5/Prefabs
  artifactKey: Guid(be81448c2f1173c4cb6f103d3e33814d) Importer(815301076,1909f56bfc062723c751e8b465ee728b)
Start importing Assets/SupermarketInterior_v2.5/Prefabs using Guid(be81448c2f1173c4cb6f103d3e33814d) Importer(815301076,1909f56bfc062723c751e8b465ee728b)  -> (artifact id: '519049b7cf86cb29bce17916e157b86f') in 0.009465 seconds 
  Import took 0.013123 seconds .

========================================================================
Received Import Request.
  Time since last request: 0.001445 seconds.
  path: Assets/SupermarketInterior_v2.5/Prefabs
  artifactKey: Guid(be81448c2f1173c4cb6f103d3e33814d) Importer(815301076,1909f56bfc062723c751e8b465ee728b)
Start importing Assets/SupermarketInterior_v2.5/Prefabs using Guid(be81448c2f1173c4cb6f103d3e33814d) Importer(815301076,1909f56bfc062723c751e8b465ee728b)  -> (artifact id: '519049b7cf86cb29bce17916e157b86f') in 0.002927 seconds 
  Import took 0.007452 seconds .

========================================================================
Received Import Request.
  Time since last request: 8.438978 seconds.
  path: Assets/SupermarketInterior_v2.5/DemoScenes
  artifactKey: Guid(b101b4d1e791f124899e1cc984c036a4) Importer(815301076,1909f56bfc062723c751e8b465ee728b)
Start importing Assets/SupermarketInterior_v2.5/DemoScenes using Guid(b101b4d1e791f124899e1cc984c036a4) Importer(815301076,1909f56bfc062723c751e8b465ee728b)  -> (artifact id: '3a30d34b9276de10666857f126ac8b39') in 0.005431 seconds 
  Import took 0.008931 seconds .

========================================================================
Received Import Request.
  Time since last request: 0.007271 seconds.
  path: Assets/SupermarketInterior_v2.5/DemoScenes
  artifactKey: Guid(b101b4d1e791f124899e1cc984c036a4) Importer(815301076,1909f56bfc062723c751e8b465ee728b)
Start importing Assets/SupermarketInterior_v2.5/DemoScenes using Guid(b101b4d1e791f124899e1cc984c036a4) Importer(815301076,1909f56bfc062723c751e8b465ee728b)  -> (artifact id: '3a30d34b9276de10666857f126ac8b39') in 0.001614 seconds 
  Import took 0.004110 seconds .

========================================================================
Received Import Request.
  Time since last request: 5.933324 seconds.
  path: Assets/SupermarketInterior_v2.5/DemoScenes/Supermarket_01.unity
  artifactKey: Guid(e8a38ce024bda0649bc6f5f575f35bd3) Importer(815301076,1909f56bfc062723c751e8b465ee728b)
Start importing Assets/SupermarketInterior_v2.5/DemoScenes/Supermarket_01.unity using Guid(e8a38ce024bda0649bc6f5f575f35bd3) Importer(815301076,1909f56bfc062723c751e8b465ee728b)  -> (artifact id: '85aeaed4e9b5654f1faf13f76ed72d2f') in 0.024209 seconds 
  Import took 0.028967 seconds .

AssetImportWorkerClient::OnTransportError - code=2 error=End of file
